<?xml version="1.0" encoding="UTF-8"?>
<!-- Generated by org.testng.reporters.JUnitXMLReporter -->
<testsuite ignored="6" hostname="LAPTOP-OHDRA29K" failures="1" tests="1" name="Default test(failed)" time="0.033" errors="0" timestamp="2023-11-04T20:27:52 IST">
  <testcase classname="testNG.TestNGIntro" name="loginMethod" time="0.0">
    <failure type="org.testng.TestNGException" message="
Parameter &amp;apos;username&amp;apos; is required by @Test on method loginMethod but has not been marked @Optional or defined
in C:\Users\KALPESH\eclipse-workspace\interview_practice\test-output\testng-failed.xml">
      <![CDATA[org.testng.TestNGException: 
Parameter 'username' is required by @Test on method loginMethod but has not been marked @Optional or defined
in C:\Users\KALPESH\eclipse-workspace\interview_practice\test-output\testng-failed.xml
at java.base/java.util.ArrayList.forEach(ArrayList.java:1511)
... Removed 26 stack frames]]>
    </failure>
  </testcase> <!-- loginMethod -->
  <testcase classname="testNG.TestNGIntro" name="TestCase" time="0.0">
    <ignored/>
  </testcase> <!-- TestCase -->
  <testcase classname="testNG.TestNGIntro" name="test" time="0.0">
    <ignored/>
  </testcase> <!-- test -->
  <testcase classname="testNG.TestNGIntro" name="TestCase3" time="0.0">
    <ignored/>
  </testcase> <!-- TestCase3 -->
  <testcase classname="testNG.TestNGIntro" name="TestCase4" time="0.0">
    <ignored/>
  </testcase> <!-- TestCase4 -->
  <testcase classname="testNG.TestNGIntro" name="TestCase2" time="0.0">
    <ignored/>
  </testcase> <!-- TestCase2 -->
  <testcase classname="testNG.TestNGIntro" name="TestCase5" time="0.0">
    <ignored/>
  </testcase> <!-- TestCase5 -->
</testsuite> <!-- Default test(failed) -->
