<?xml version="1.0" encoding="UTF-8"?>
<!-- Generated by org.testng.reporters.JUnitXMLReporter -->
<testsuite ignored="0" hostname="LAPTOP-OHDRA29K" failures="0" tests="8" name="Test" time="0.067" errors="0" timestamp="2024-02-03T16:43:47 IST">
  <testcase classname="testNG.TestNGIntro" name="TestCase5" time="0.009"/>
  <testcase classname="testNG.TestNGIntro" name="TestCase4" time="0.001"/>
  <testcase classname="testNG.TestNGIntro" name="loginMethod" time="0.002"/>
  <testcase classname="testNG.TestNGIntro" name="test" time="0.002"/>
  <testcase classname="testNG.TestNGIntro" name="TestCase" time="0.003"/>
  <testcase classname="testNG.TestNGIntro" name="TestCase2" time="0.001"/>
  <testcase classname="testNG.TestNGIntro" name="TestCase2" time="0.001"/>
  <testcase classname="testNG.TestNGIntro" name="TestCase3" time="0.0"/>
</testsuite> <!-- Test -->
